[debug] [2023-12-22T11:28:14.616Z] ----------------------------------------------------------------------
[debug] [2023-12-22T11:28:14.618Z] Command:       C:\Program Files\nodejs\node.exe C:\Users\vrushali\AppData\Roaming\npm\node_modules\firebase-tools\lib\bin\firebase.js deploy
[debug] [2023-12-22T11:28:14.618Z] CLI Version:   13.0.2
[debug] [2023-12-22T11:28:14.618Z] Platform:      win32
[debug] [2023-12-22T11:28:14.618Z] Node Version:  v18.17.1
[debug] [2023-12-22T11:28:14.619Z] Time:          Fri Dec 22 2023 16:58:14 GMT+0530 (India Standard Time)
[debug] [2023-12-22T11:28:14.619Z] ----------------------------------------------------------------------
[debug] 
[debug] [2023-12-22T11:28:14.674Z] > command requires scopes: ["email","openid","https://www.googleapis.com/auth/cloudplatformprojects.readonly","https://www.googleapis.com/auth/firebase","https://www.googleapis.com/auth/cloud-platform"]
[debug] [2023-12-22T11:28:14.675Z] > authorizing via signed-in user (vrushalig126@gmail.com)
[debug] [2023-12-22T11:28:14.675Z] [iam] checking project birthday-remainder-2732f for permissions ["firebase.projects.get","firebasehosting.sites.update"]
[debug] [2023-12-22T11:28:14.676Z] >>> [apiv2][query] POST https://cloudresourcemanager.googleapis.com/v1/projects/birthday-remainder-2732f:testIamPermissions [none]
[debug] [2023-12-22T11:28:14.677Z] >>> [apiv2][(partial)header] POST https://cloudresourcemanager.googleapis.com/v1/projects/birthday-remainder-2732f:testIamPermissions x-goog-quota-user=projects/birthday-remainder-2732f
[debug] [2023-12-22T11:28:14.677Z] >>> [apiv2][body] POST https://cloudresourcemanager.googleapis.com/v1/projects/birthday-remainder-2732f:testIamPermissions {"permissions":["firebase.projects.get","firebasehosting.sites.update"]}
[debug] [2023-12-22T11:28:16.581Z] <<< [apiv2][status] POST https://cloudresourcemanager.googleapis.com/v1/projects/birthday-remainder-2732f:testIamPermissions 200
[debug] [2023-12-22T11:28:16.582Z] <<< [apiv2][body] POST https://cloudresourcemanager.googleapis.com/v1/projects/birthday-remainder-2732f:testIamPermissions {"permissions":["firebase.projects.get","firebasehosting.sites.update"]}
[debug] [2023-12-22T11:28:16.583Z] >>> [apiv2][query] GET https://firebase.googleapis.com/v1beta1/projects/birthday-remainder-2732f [none]
[debug] [2023-12-22T11:28:17.415Z] <<< [apiv2][status] GET https://firebase.googleapis.com/v1beta1/projects/birthday-remainder-2732f 200
[debug] [2023-12-22T11:28:17.415Z] <<< [apiv2][body] GET https://firebase.googleapis.com/v1beta1/projects/birthday-remainder-2732f {"projectId":"birthday-remainder-2732f","projectNumber":"34551219552","displayName":"Birthday-Remainder","name":"projects/birthday-remainder-2732f","resources":{"hostingSite":"birthday-remainder-2732f"},"state":"ACTIVE","etag":"1_723d2cde-094f-4093-b3b5-ade197ee7b40"}
[info] 
[info] === Deploying to 'birthday-remainder-2732f'...
[info] 
[info] i  deploying hosting 
[debug] [2023-12-22T11:28:17.424Z] >>> [apiv2][query] POST https://firebasehosting.googleapis.com/v1beta1/projects/-/sites/birthday-remainder-2732f/versions [none]
[debug] [2023-12-22T11:28:17.424Z] >>> [apiv2][body] POST https://firebasehosting.googleapis.com/v1beta1/projects/-/sites/birthday-remainder-2732f/versions {"status":"CREATED","labels":{"deployment-tool":"cli-firebase"}}
[debug] [2023-12-22T11:28:18.861Z] <<< [apiv2][status] POST https://firebasehosting.googleapis.com/v1beta1/projects/-/sites/birthday-remainder-2732f/versions 500
[debug] [2023-12-22T11:28:18.862Z] <<< [apiv2][body] POST https://firebasehosting.googleapis.com/v1beta1/projects/-/sites/birthday-remainder-2732f/versions {"error":{"code":500,"message":"Internal error encountered.","status":"INTERNAL"}}
[error] 
[error] Error: HTTP Error: 500, Internal error encountered.
[debug] [2023-12-22T11:28:19.550Z] Error Context: {
  "body": {
    "error": {
      "code": 500,
      "message": "Internal error encountered.",
      "status": "INTERNAL"
    }
  },
  "response": {
    "statusCode": 500
  }
}
